sqlalchemy.exc.InvalidRequestError: Class <class 'models.User'> does not have a __table__ or __tablename__ specified and does not inherit from an existing table-mapped class.
    raise exc.InvalidRequestError(
  File "/opt/render/project/src/.venv/lib/python3.11/site-packages/sqlalchemy/orm/decl_base.py", line 1793, in _setup_inheriting_columns
    self._setup_inheriting_columns(mapper_kw)
  File "/opt/render/project/src/.venv/lib/python3.11/site-packages/sqlalchemy/orm/decl_base.py", line 580, in __init__
           ^^^^^^^^^^^^^^^^^^^^^^^
    return _ClassScanMapperConfig(
  File "/opt/render/project/src/.venv/lib/python3.11/site-packages/sqlalchemy/orm/decl_base.py", line 328, in setup_mapping
           ^^^^^^^^^^^^^^^^^^^^^^^^^^^^^^^^^^^^^^^^^^^^^^^^^^^^^^^^^^^
    return _MapperConfig.setup_mapping(registry, cls, dict_, None, {})
  File "/opt/render/project/src/.venv/lib/python3.11/site-packages/sqlalchemy/orm/decl_base.py", line 247, in _as_declarative
    _as_declarative(cls._sa_registry, cls, cls.__dict__)
  File "/opt/render/project/src/.venv/lib/python3.11/site-packages/sqlalchemy/orm/decl_api.py", line 847, in __init_subclass__
    class User(UserMixin, db.Model):
  File "/opt/render/project/src/models.py", line 5, in <module>
    import models
  File "/opt/render/project/src/main.py", line 5, in <module>
  File "<frozen importlib._bootstrap>", line 241, in _call_with_frames_removed
  File "<frozen importlib._bootstrap_external>", line 940, in exec_module
  File "<frozen importlib._bootstrap>", line 690, in _load_unlocked
  File "<frozen importlib._bootstrap>", line 1147, in _find_and_load_unlocked
  File "<frozen importlib._bootstrap>", line 1176, in _find_and_load
  File "<frozen importlib._bootstrap>", line 1204, in _gcd_import
           ^^^^^^^^^^^^^^^^^^^^^^^^^^^^^^^^^^^^^^^^^^^^^^^^^^^^
    return _bootstrap._gcd_import(name[level:], package, level)
  File "/usr/local/lib/python3.11/importlib/__init__.py", line 126, in import_module
          ^^^^^^^^^^^^^^^^^^^^^^^^^^^^^^^
    mod = importlib.import_module(module)
  File "/opt/render/project/src/.venv/lib/python3.11/site-packages/gunicorn/util.py", line 370, in import_app
           ^^^^^^^^^^^^^^^^^^^^^^^^^^^^^
    return util.import_app(self.app_uri)
  File "/opt/render/project/src/.venv/lib/python3.11/site-packages/gunicorn/app/wsgiapp.py", line 47, in load_wsgiapp
           ^^^^^^^^^^^^^^^^^^^
    return self.load_wsgiapp()
  File "/opt/render/project/src/.venv/lib/python3.11/site-packages/gunicorn/app/wsgiapp.py", line 57, in load
                    ^^^^^^^^^^^
    self.callable = self.load()
  File "/opt/render/project/src/.venv/lib/python3.11/site-packages/gunicorn/app/base.py", line 66, in wsgi
    self.app.wsgi()
  File "/opt/render/project/src/.venv/lib/python3.11/site-packages/gunicorn/arbiter.py", line 117, in setup
    self.setup(app)
  File "/opt/render/project/src/.venv/lib/python3.11/site-packages/gunicorn/arbiter.py", line 57, in __init__
    ^^^^^^^^^^^^^
    Arbiter(self).run()
  File "/opt/render/project/src/.venv/lib/python3.11/site-packages/gunicorn/app/base.py", line 71, in run
    super().run()
  File "/opt/render/project/src/.venv/lib/python3.11/site-packages/gunicorn/app/base.py", line 235, in run
    WSGIApplication("%(prog)s [OPTIONS] [APP_MODULE]", prog=prog).run()
  File "/opt/render/project/src/.venv/lib/python3.11/site-packages/gunicorn/app/wsgiapp.py", line 66, in run
             ^^^^^
    sys.exit(run())
  File "/opt/render/project/src/.venv/bin/gunicorn", line 8, in <module>
Traceback (most recent call last):
 {'/etc/timezone': 'Etc/UTC', '/etc/localtime is a symlink to': 'Etc/UTC'}
DEBUG:tzlocal:2 found:
DEBUG:tzlocal:/etc/localtime found
 Etc/UTC
DEBUG:tzlocal:/etc/timezone found, contents:
INFO:database:Database configuration completed
==> Running 'gunicorn --bind 0.0.0.0:$PORT main:app'
==> Common ways to troubleshoot your deploy: https://render.com/docs/troubleshooting-deploys
==> Exited with status 1
sqlalchemy.exc.InvalidRequestError: Class <class 'models.User'> does not have a __table__ or __tablename__ specified and does not inherit from an existing table-mapped class.
    raise exc.InvalidRequestError(
  File "/opt/render/project/src/.venv/lib/python3.11/site-packages/sqlalchemy/orm/decl_base.py", line 1793, in _setup_inheriting_columns
    self._setup_inheriting_columns(mapper_kw)
  File "/opt/render/project/src/.venv/lib/python3.11/site-packages/sqlalchemy/orm/decl_base.py", line 580, in __init__
           ^^^^^^^^^^^^^^^^^^^^^^^
    return _ClassScanMapperConfig(
  File "/opt/render/project/src/.venv/lib/python3.11/site-packages/sqlalchemy/orm/decl_base.py", line 328, in setup_mapping
           ^^^^^^^^^^^^^^^^^^^^^^^^^^^^^^^^^^^^^^^^^^^^^^^^^^^^^^^^^^^
    return _MapperConfig.setup_mapping(registry, cls, dict_, None, {})
  File "/opt/render/project/src/.venv/lib/python3.11/site-packages/sqlalchemy/orm/decl_base.py", line 247, in _as_declarative
    _as_declarative(cls._sa_registry, cls, cls.__dict__)
  File "/opt/render/project/src/.venv/lib/python3.11/site-packages/sqlalchemy/orm/decl_api.py", line 847, in __init_subclass__
    class User(UserMixin, db.Model):
  File "/opt/render/project/src/models.py", line 5, in <module>
    import models
  File "/opt/render/project/src/main.py", line 5, in <module>
  File "<frozen importlib._bootstrap>", line 241, in _call_with_frames_removed
  File "<frozen importlib._bootstrap_external>", line 940, in exec_module
  File "<frozen importlib._bootstrap>", line 690, in _load_unlocked
  File "<frozen importlib._bootstrap>", line 1147, in _find_and_load_unlocked
  File "<frozen importlib._bootstrap>", line 1176, in _find_and_load
  File "<frozen importlib._bootstrap>", line 1204, in _gcd_import
           ^^^^^^^^^^^^^^^^^^^^^^^^^^^^^^^^^^^^^^^^^^^^^^^^^^^^
    return _bootstrap._gcd_import(name[level:], package, level)
  File "/usr/local/lib/python3.11/importlib/__init__.py", line 126, in import_module
          ^^^^^^^^^^^^^^^^^^^^^^^^^^^^^^^
    mod = importlib.import_module(module)
  File "/opt/render/project/src/.venv/lib/python3.11/site-packages/gunicorn/util.py", line 370, in import_app
           ^^^^^^^^^^^^^^^^^^^^^^^^^^^^^
    return util.import_app(self.app_uri)
  File "/opt/render/project/src/.venv/lib/python3.11/site-packages/gunicorn/app/wsgiapp.py", line 47, in load_wsgiapp
           ^^^^^^^^^^^^^^^^^^^
    return self.load_wsgiapp()
  File "/opt/render/project/src/.venv/lib/python3.11/site-packages/gunicorn/app/wsgiapp.py", line 57, in load
                    ^^^^^^^^^^^
    self.callable = self.load()
  File "/opt/render/project/src/.venv/lib/python3.11/site-packages/gunicorn/app/base.py", line 66, in wsgi
    self.app.wsgi()
  File "/opt/render/project/src/.venv/lib/python3.11/site-packages/gunicorn/arbiter.py", line 117, in setup
    self.setup(app)
  File "/opt/render/project/src/.venv/lib/python3.11/site-packages/gunicorn/arbiter.py", line 57, in __init__
    ^^^^^^^^^^^^^
    Arbiter(self).run()
  File "/opt/render/project/src/.venv/lib/python3.11/site-packages/gunicorn/app/base.py", line 71, in run
    super().run()
  File "/opt/render/project/src/.venv/lib/python3.11/site-packages/gunicorn/app/base.py", line 235, in run
    WSGIApplication("%(prog)s [OPTIONS] [APP_MODULE]", prog=prog).run()
  File "/opt/render/project/src/.venv/lib/python3.11/site-packages/gunicorn/app/wsgiapp.py", line 66, in run
             ^^^^^
    sys.exit(run())
  File "/opt/render/project/src/.venv/bin/gunicorn", line 8, in <module>
Traceback (most recent call last):
 {'/etc/timezone': 'Etc/UTC', '/etc/localtime is a symlink to': 'Etc/UTC'}
DEBUG:tzlocal:2 found:
DEBUG:tzlocal:/etc/localtime found
 Etc/UTC
DEBUG:tzlocal:/etc/timezone found, contents:
INFO:database:Database configuration completed
==> Running 'gunicorn --bind 0.0.0.0:$PORT main:app'
==> Deploying...
==> Build successful ğŸ‰
==> Uploaded in 4.3s. Compression took 1.5s
==> Uploading build...
[notice] To update, run: pip install --upgrade pip
[notice] A new release of pip is available: 24.0 -> 25.0.1
Successfully installed Jinja2-3.1.6 MarkupSafe-3.0.2 PyJWT-2.10.1 aiohappyeyeballs-2.6.1 aiohttp-3.11.16 aiohttp-retry-2.9.1 aiosignal-1.3.2 annotated-types-0.7.0 anyio-3.7.1 apscheduler-3.10.1 attrs-25.3.0 blinker-1.9.0 certifi-2025.1.31 charset-normalizer-3.4.1 click-8.1.8 distro-1.9.0 dnspython-2.7.0 email-validator-2.0.0 flask-2.3.3 flask-login-0.6.2 flask-sqlalchemy-3.0.5 frozenlist-1.5.0 greenlet-3.1.1 gunicorn-23.0.0 h11-0.14.0 httpcore-1.0.7 httpx-0.28.1 idna-3.10 itsdangerous-2.2.0 multidict-6.2.0 openai-1.3.7 packaging-24.2 propcache-0.3.1 psycopg2-binary-2.9.7 pydantic-2.11.3 pydantic-core-2.33.1 pytz-2025.2 requests-2.32.3 six-1.17.0 sniffio-1.3.1 sqlalchemy-2.0.20 tqdm-4.67.1 twilio-8.5.0 typing-extensions-4.13.1 typing-inspection-0.4.0 tzlocal-5.3.1 urllib3-2.3.0 werkzeug-2.3.7 yarl-1.19.0
Installing collected packages: pytz, urllib3, tzlocal, typing-extensions, tqdm, sniffio, six, PyJWT, psycopg2-binary, propcache, packaging, multidict, MarkupSafe, itsdangerous, idna, h11, greenlet, frozenlist, dnspython, distro, click, charset-normalizer, certifi, blinker, attrs, annotated-types, aiohappyeyeballs, yarl, werkzeug, typing-inspection, sqlalchemy, requests, pydantic-core, Jinja2, httpcore, gunicorn, email-validator, apscheduler, anyio, aiosignal, pydantic, httpx, flask, aiohttp, openai, flask-sqlalchemy, flask-login, aiohttp-retry, twilio
   â”â”â”â”â”â”â”â”â”â”â”â”â”â”â”â”â”â”â”â”â”â”â”â”â”â”â”â”â”â”â”â”â”â”â”â”â”â”â”â” 58.3/58.3 kB 10.5 MB/s eta 0:00:00
Downloading h11-0.14.0-py3-none-any.whl (58 kB)
   â”â”â”â”â”â”â”â”â”â”â”â”â”â”â”â”â”â”â”â”â”â”â”â”â”â”â”â”â”â”â”â”â”â”â”â”â”â”â”â” 358.7/358.7 kB 57.0 MB/s eta 0:00:00
Downloading yarl-1.19.0-cp311-cp311-manylinux_2_17_x86_64.manylinux2014_x86_64.whl (358 kB)
   â”â”â”â”â”â”â”â”â”â”â”â”â”â”â”â”â”â”â”â”â”â”â”â”â”â”â”â”â”â”â”â”â”â”â”â”â”â”â”â” 128.4/128.4 kB 22.3 MB/s eta 0:00:00
Downloading urllib3-2.3.0-py3-none-any.whl (128 kB)
Downloading typing_inspection-0.4.0-py3-none-any.whl (14 kB)
   â”â”â”â”â”â”â”â”â”â”â”â”â”â”â”â”â”â”â”â”â”â”â”â”â”â”â”â”â”â”â”â”â”â”â”â”â”â”â”â” 232.5/232.5 kB 35.8 MB/s eta 0:00:00
Downloading propcache-0.3.1-cp311-cp311-manylinux_2_17_x86_64.manylinux2014_x86_64.whl (232 kB)
   â”â”â”â”â”â”â”â”â”â”â”â”â”â”â”â”â”â”â”â”â”â”â”â”â”â”â”â”â”â”â”â”â”â”â”â”â”â”â”â” 133.3/133.3 kB 26.0 MB/s eta 0:00:00
Downloading multidict-6.2.0-cp311-cp311-manylinux_2_17_x86_64.manylinux2014_x86_64.whl (133 kB)
   â”â”â”â”â”â”â”â”â”â”â”â”â”â”â”â”â”â”â”â”â”â”â”â”â”â”â”â”â”â”â”â”â”â”â”â”â”â”â”â” 274.9/274.9 kB 43.1 MB/s eta 0:00:00
Downloading frozenlist-1.5.0-cp311-cp311-manylinux_2_5_x86_64.manylinux1_x86_64.manylinux_2_17_x86_64.manylinux2014_x86_64.whl (274 kB)
   â”â”â”â”â”â”â”â”â”â”â”â”â”â”â”â”â”â”â”â”â”â”â”â”â”â”â”â”â”â”â”â”â”â”â”â”â”â”â”â” 143.9/143.9 kB 23.4 MB/s eta 0:00:00
Downloading charset_normalizer-3.4.1-cp311-cp311-manylinux_2_17_x86_64.manylinux2014_x86_64.whl (143 kB)
   â”â”â”â”â”â”â”â”â”â”â”â”â”â”â”â”â”â”â”â”â”â”â”â”â”â”â”â”â”â”â”â”â”â”â”â”â”â”â”â” 166.4/166.4 kB 26.3 MB/s eta 0:00:00
Downloading certifi-2025.1.31-py3-none-any.whl (166 kB)
   â”â”â”â”â”â”â”â”â”â”â”â”â”â”â”â”â”â”â”â”â”â”â”â”â”â”â”â”â”â”â”â”â”â”â”â”â”â”â”â” 63.8/63.8 kB 10.7 MB/s eta 0:00:00
Downloading attrs-25.3.0-py3-none-any.whl (63 kB)
Downloading annotated_types-0.7.0-py3-none-any.whl (13 kB)
Downloading aiosignal-1.3.2-py2.py3-none-any.whl (7.6 kB)
Downloading aiohappyeyeballs-2.6.1-py3-none-any.whl (15 kB)
   â”â”â”â”â”â”â”â”â”â”â”â”â”â”â”â”â”â”â”â”â”â”â”â”â”â”â”â”â”â”â”â”â”â”â”â”â”â”â”â” 509.2/509.2 kB 54.9 MB/s eta 0:00:00
Downloading pytz-2025.2-py2.py3-none-any.whl (509 kB)
   â”â”â”â”â”â”â”â”â”â”â”â”â”â”â”â”â”â”â”â”â”â”â”â”â”â”â”â”â”â”â”â”â”â”â”â”â”â”â”â” 65.5/65.5 kB 12.2 MB/s eta 0:00:00
Downloading packaging-24.2-py3-none-any.whl (65 kB)
Downloading tzlocal-5.3.1-py3-none-any.whl (18 kB)
   â”â”â”â”â”â”â”â”â”â”â”â”â”â”â”â”â”â”â”â”â”â”â”â”â”â”â”â”â”â”â”â”â”â”â”â”â”â”â”â” 45.7/45.7 kB 8.0 MB/s eta 0:00:00
Downloading typing_extensions-4.13.1-py3-none-any.whl (45 kB)
   â”â”â”â”â”â”â”â”â”â”â”â”â”â”â”â”â”â”â”â”â”â”â”â”â”â”â”â”â”â”â”â”â”â”â”â”â”â”â”â” 78.5/78.5 kB 15.5 MB/s eta 0:00:00
Downloading tqdm-4.67.1-py3-none-any.whl (78 kB)
Downloading sniffio-1.3.1-py3-none-any.whl (10 kB)
Downloading six-1.17.0-py2.py3-none-any.whl (11 kB)
   â”â”â”â”â”â”â”â”â”â”â”â”â”â”â”â”â”â”â”â”â”â”â”â”â”â”â”â”â”â”â”â”â”â”â”â”â”â”â”â” 64.9/64.9 kB 11.9 MB/s eta 0:00:00
Downloading requests-2.32.3-py3-none-any.whl (64 kB)
Downloading PyJWT-2.10.1-py3-none-any.whl (22 kB)
   â”â”â”â”â”â”â”â”â”â”â”â”â”â”â”â”â”â”â”â”â”â”â”â”â”â”â”â”â”â”â”â”â”â”â”â”â”â”â”â” 2.0/2.0 MB 101.9 MB/s eta 0:00:00
Downloading pydantic_core-2.33.1-cp311-cp311-manylinux_2_17_x86_64.manylinux2014_x86_64.whl (2.0 MB)
   â”â”â”â”â”â”â”â”â”â”â”â”â”â”â”â”â”â”â”â”â”â”â”â”â”â”â”â”â”â”â”â”â”â”â”â”â”â”â”â” 443.6/443.6 kB 63.2 MB/s eta 0:00:00
Downloading pydantic-2.11.3-py3-none-any.whl (443 kB)
Downloading MarkupSafe-3.0.2-cp311-cp311-manylinux_2_17_x86_64.manylinux2014_x86_64.whl (23 kB)
   â”â”â”â”â”â”â”â”â”â”â”â”â”â”â”â”â”â”â”â”â”â”â”â”â”â”â”â”â”â”â”â”â”â”â”â”â”â”â”â” 134.9/134.9 kB 25.2 MB/s eta 0:00:00
Downloading jinja2-3.1.6-py3-none-any.whl (134 kB)
Downloading itsdangerous-2.2.0-py3-none-any.whl (16 kB)
   â”â”â”â”â”â”â”â”â”â”â”â”â”â”â”â”â”â”â”â”â”â”â”â”â”â”â”â”â”â”â”â”â”â”â”â”â”â”â”â” 70.4/70.4 kB 14.7 MB/s eta 0:00:00
Downloading idna-3.10-py3-none-any.whl (70 kB)
   â”â”â”â”â”â”â”â”â”â”â”â”â”â”â”â”â”â”â”â”â”â”â”â”â”â”â”â”â”â”â”â”â”â”â”â”â”â”â”â” 78.6/78.6 kB 15.1 MB/s eta 0:00:00
Downloading httpcore-1.0.7-py3-none-any.whl (78 kB)
   â”â”â”â”â”â”â”â”â”â”â”â”â”â”â”â”â”â”â”â”â”â”â”â”â”â”â”â”â”â”â”â”â”â”â”â”â”â”â”â” 73.5/73.5 kB 14.8 MB/s eta 0:00:00
Downloading httpx-0.28.1-py3-none-any.whl (73 kB)
   â”â”â”â”â”â”â”â”â”â”â”â”â”â”â”â”â”â”â”â”â”â”â”â”â”â”â”â”â”â”â”â”â”â”â”â”â”â”â”â” 602.4/602.4 kB 75.1 MB/s eta 0:00:00
Downloading greenlet-3.1.1-cp311-cp311-manylinux_2_24_x86_64.manylinux_2_28_x86_64.whl (602 kB)
   â”â”â”â”â”â”â”â”â”â”â”â”â”â”â”â”â”â”â”â”â”â”â”â”â”â”â”â”â”â”â”â”â”â”â”â”â”â”â”â” 313.6/313.6 kB 48.1 MB/s eta 0:00:00
Downloading dnspython-2.7.0-py3-none-any.whl (313 kB)
Downloading distro-1.9.0-py3-none-any.whl (20 kB)
   â”â”â”â”â”â”â”â”â”â”â”â”â”â”â”â”â”â”â”â”â”â”â”â”â”â”â”â”â”â”â”â”â”â”â”â”â”â”â”â” 98.2/98.2 kB 17.6 MB/s eta 0:00:00
Downloading click-8.1.8-py3-none-any.whl (98 kB)
Downloading blinker-1.9.0-py3-none-any.whl (8.5 kB)
   â”â”â”â”â”â”â”â”â”â”â”â”â”â”â”â”â”â”â”â”â”â”â”â”â”â”â”â”â”â”â”â”â”â”â”â”â”â”â”â” 80.9/80.9 kB 17.1 MB/s eta 0:00:00
Downloading anyio-3.7.1-py3-none-any.whl (80 kB)
Downloading aiohttp_retry-2.9.1-py3-none-any.whl (10.0 kB)
   â”â”â”â”â”â”â”â”â”â”â”â”â”â”â”â”â”â”â”â”â”â”â”â”â”â”â”â”â”â”â”â”â”â”â”â”â”â”â”â” 1.7/1.7 MB 106.0 MB/s eta 0:00:00
Downloading aiohttp-3.11.16-cp311-cp311-manylinux_2_17_x86_64.manylinux2014_x86_64.whl (1.7 MB)
   â”â”â”â”â”â”â”â”â”â”â”â”â”â”â”â”â”â”â”â”â”â”â”â”â”â”â”â”â”â”â”â”â”â”â”â”â”â”â”â” 242.2/242.2 kB 39.1 MB/s eta 0:00:00
Downloading werkzeug-2.3.7-py3-none-any.whl (242 kB)
   â”â”â”â”â”â”â”â”â”â”â”â”â”â”â”â”â”â”â”â”â”â”â”â”â”â”â”â”â”â”â”â”â”â”â”â”â”â”â”â” 1.8/1.8 MB 110.2 MB/s eta 0:00:00
Downloading twilio-8.5.0-py2.py3-none-any.whl (1.8 MB)
   â”â”â”â”â”â”â”â”â”â”â”â”â”â”â”â”â”â”â”â”â”â”â”â”â”â”â”â”â”â”â”â”â”â”â”â”â”â”â”â” 3.2/3.2 MB 104.7 MB/s eta 0:00:00
Downloading SQLAlchemy-2.0.20-cp311-cp311-manylinux_2_17_x86_64.manylinux2014_x86_64.whl (3.2 MB)
   â”â”â”â”â”â”â”â”â”â”â”â”â”â”â”â”â”â”â”â”â”â”â”â”â”â”â”â”â”â”â”â”â”â”â”â”â”â”â”â” 3.0/3.0 MB 65.7 MB/s eta 0:00:00
Downloading psycopg2_binary-2.9.7-cp311-cp311-manylinux_2_17_x86_64.manylinux2014_x86_64.whl (3.0 MB)
   â”â”â”â”â”â”â”â”â”â”â”â”â”â”â”â”â”â”â”â”â”â”â”â”â”â”â”â”â”â”â”â”â”â”â”â”â”â”â”â” 221.4/221.4 kB 15.7 MB/s eta 0:00:00
Downloading openai-1.3.7-py3-none-any.whl (221 kB)
   â”â”â”â”â”â”â”â”â”â”â”â”â”â”â”â”â”â”â”â”â”â”â”â”â”â”â”â”â”â”â”â”â”â”â”â”â”â”â”â” 85.0/85.0 kB 15.6 MB/s eta 0:00:00
Downloading gunicorn-23.0.0-py3-none-any.whl (85 kB)
Downloading flask_sqlalchemy-3.0.5-py3-none-any.whl (24 kB)
Downloading Flask_Login-0.6.2-py3-none-any.whl (17 kB)
   â”â”â”â”â”â”â”â”â”â”â”â”â”â”â”â”â”â”â”â”â”â”â”â”â”â”â”â”â”â”â”â”â”â”â”â”â”â”â”â” 96.1/96.1 kB 19.4 MB/s eta 0:00:00
Downloading flask-2.3.3-py3-none-any.whl (96 kB)
Downloading email_validator-2.0.0-py3-none-any.whl (31 kB)
   â”â”â”â”â”â”â”â”â”â”â”â”â”â”â”â”â”â”â”â”â”â”â”â”â”â”â”â”â”â”â”â”â”â”â”â”â”â”â”â” 59.2/59.2 kB 12.0 MB/s eta 0:00:00
Downloading APScheduler-3.10.1-py3-none-any.whl (59 kB)
  Downloading urllib3-2.3.0-py3-none-any.whl.metadata (6.5 kB)
Collecting urllib3<3,>=1.21.1 (from requests>=2.0.0->twilio==8.5.0->-r requirements.txt (line 10))
  Downloading charset_normalizer-3.4.1-cp311-cp311-manylinux_2_17_x86_64.manylinux2014_x86_64.whl.metadata (35 kB)
Collecting charset-normalizer<4,>=2 (from requests>=2.0.0->twilio==8.5.0->-r requirements.txt (line 10))
  Downloading typing_inspection-0.4.0-py3-none-any.whl.metadata (2.6 kB)
Collecting typing-inspection>=0.4.0 (from pydantic<3,>=1.9.0->openai==1.3.7->-r requirements.txt (line 7))
  Downloading pydantic_core-2.33.1-cp311-cp311-manylinux_2_17_x86_64.manylinux2014_x86_64.whl.metadata (6.8 kB)
Collecting pydantic-core==2.33.1 (from pydantic<3,>=1.9.0->openai==1.3.7->-r requirements.txt (line 7))
  Downloading annotated_types-0.7.0-py3-none-any.whl.metadata (15 kB)
Collecting annotated-types>=0.6.0 (from pydantic<3,>=1.9.0->openai==1.3.7->-r requirements.txt (line 7))
  Downloading h11-0.14.0-py3-none-any.whl.metadata (8.2 kB)
Collecting h11<0.15,>=0.13 (from httpcore==1.*->httpx<1,>=0.23.0->openai==1.3.7->-r requirements.txt (line 7))
  Downloading httpcore-1.0.7-py3-none-any.whl.metadata (21 kB)
Collecting httpcore==1.* (from httpx<1,>=0.23.0->openai==1.3.7->-r requirements.txt (line 7))
  Downloading certifi-2025.1.31-py3-none-any.whl.metadata (2.5 kB)
Collecting certifi (from httpx<1,>=0.23.0->openai==1.3.7->-r requirements.txt (line 7))
     â”â”â”â”â”â”â”â”â”â”â”â”â”â”â”â”â”â”â”â”â”â”â”â”â”â”â”â”â”â”â”â”â”â”â”â”â”â”â”â” 71.8/71.8 kB 13.1 MB/s eta 0:00:00
  Downloading yarl-1.19.0-cp311-cp311-manylinux_2_17_x86_64.manylinux2014_x86_64.whl.metadata (71 kB)
Collecting yarl<2.0,>=1.17.0 (from aiohttp>=3.8.4->twilio==8.5.0->-r requirements.txt (line 10))
  Downloading propcache-0.3.1-cp311-cp311-manylinux_2_17_x86_64.manylinux2014_x86_64.whl.metadata (10 kB)
Collecting propcache>=0.2.0 (from aiohttp>=3.8.4->twilio==8.5.0->-r requirements.txt (line 10))
  Downloading multidict-6.2.0-cp311-cp311-manylinux_2_17_x86_64.manylinux2014_x86_64.whl.metadata (4.9 kB)
Collecting multidict<7.0,>=4.5 (from aiohttp>=3.8.4->twilio==8.5.0->-r requirements.txt (line 10))
  Downloading frozenlist-1.5.0-cp311-cp311-manylinux_2_5_x86_64.manylinux1_x86_64.manylinux_2_17_x86_64.manylinux2014_x86_64.whl.metadata (13 kB)
Collecting frozenlist>=1.1.1 (from aiohttp>=3.8.4->twilio==8.5.0->-r requirements.txt (line 10))
  Downloading attrs-25.3.0-py3-none-any.whl.metadata (10 kB)
Collecting attrs>=17.3.0 (from aiohttp>=3.8.4->twilio==8.5.0->-r requirements.txt (line 10))
  Downloading aiosignal-1.3.2-py2.py3-none-any.whl.metadata (3.8 kB)
Collecting aiosignal>=1.1.2 (from aiohttp>=3.8.4->twilio==8.5.0->-r requirements.txt (line 10))
  Downloading aiohappyeyeballs-2.6.1-py3-none-any.whl.metadata (5.9 kB)
Collecting aiohappyeyeballs>=2.3.0 (from aiohttp>=3.8.4->twilio==8.5.0->-r requirements.txt (line 10))
  Downloading MarkupSafe-3.0.2-cp311-cp311-manylinux_2_17_x86_64.manylinux2014_x86_64.whl.metadata (4.0 kB)
Collecting MarkupSafe>=2.1.1 (from werkzeug==2.3.7->-r requirements.txt (line 11))
  Downloading aiohttp_retry-2.9.1-py3-none-any.whl.metadata (8.8 kB)
Collecting aiohttp-retry>=2.8.3 (from twilio==8.5.0->-r requirements.txt (line 10))
  Downloading aiohttp-3.11.16-cp311-cp311-manylinux_2_17_x86_64.manylinux2014_x86_64.whl.metadata (7.7 kB)
Collecting aiohttp>=3.8.4 (from twilio==8.5.0->-r requirements.txt (line 10))
  Downloading PyJWT-2.10.1-py3-none-any.whl.metadata (4.0 kB)
Collecting PyJWT<3.0.0,>=2.0.0 (from twilio==8.5.0->-r requirements.txt (line 10))
  Downloading requests-2.32.3-py3-none-any.whl.metadata (4.6 kB)
Collecting requests>=2.0.0 (from twilio==8.5.0->-r requirements.txt (line 10))
  Downloading greenlet-3.1.1-cp311-cp311-manylinux_2_24_x86_64.manylinux_2_28_x86_64.whl.metadata (3.8 kB)
Collecting greenlet!=0.4.17 (from sqlalchemy==2.0.20->-r requirements.txt (line 9))
  Downloading typing_extensions-4.13.1-py3-none-any.whl.metadata (3.0 kB)
Collecting typing-extensions<5,>=4.5 (from openai==1.3.7->-r requirements.txt (line 7))
     â”â”â”â”â”â”â”â”â”â”â”â”â”â”â”â”â”â”â”â”â”â”â”â”â”â”â”â”â”â”â”â”â”â”â”â”â”â”â”â” 57.7/57.7 kB 4.5 MB/s eta 0:00:00
  Downloading tqdm-4.67.1-py3-none-any.whl.metadata (57 kB)
Collecting tqdm>4 (from openai==1.3.7->-r requirements.txt (line 7))
  Downloading sniffio-1.3.1-py3-none-any.whl.metadata (3.9 kB)
Collecting sniffio (from openai==1.3.7->-r requirements.txt (line 7))
     â”â”â”â”â”â”â”â”â”â”â”â”â”â”â”â”â”â”â”â”â”â”â”â”â”â”â”â”â”â”â”â”â”â”â”â”â”â”â”â” 65.2/65.2 kB 3.4 MB/s eta 0:00:00
  Downloading pydantic-2.11.3-py3-none-any.whl.metadata (65 kB)
Collecting pydantic<3,>=1.9.0 (from openai==1.3.7->-r requirements.txt (line 7))
  Downloading httpx-0.28.1-py3-none-any.whl.metadata (7.1 kB)
Collecting httpx<1,>=0.23.0 (from openai==1.3.7->-r requirements.txt (line 7))
  Downloading distro-1.9.0-py3-none-any.whl.metadata (6.8 kB)
Collecting distro<2,>=1.7.0 (from openai==1.3.7->-r requirements.txt (line 7))
  Downloading anyio-3.7.1-py3-none-any.whl.metadata (4.7 kB)
Collecting anyio<4,>=3.5.0 (from openai==1.3.7->-r requirements.txt (line 7))
  Downloading packaging-24.2-py3-none-any.whl.metadata (3.2 kB)
Collecting packaging (from gunicorn==23.0.0->-r requirements.txt (line 6))
  Downloading blinker-1.9.0-py3-none-any.whl.metadata (1.6 kB)
Collecting blinker>=1.6.2 (from flask==2.3.3->-r requirements.txt (line 3))
  Downloading click-8.1.8-py3-none-any.whl.metadata (2.3 kB)
Collecting click>=8.1.3 (from flask==2.3.3->-r requirements.txt (line 3))
  Downloading itsdangerous-2.2.0-py3-none-any.whl.metadata (1.9 kB)
Collecting itsdangerous>=2.1.2 (from flask==2.3.3->-r requirements.txt (line 3))
  Downloading jinja2-3.1.6-py3-none-any.whl.metadata (2.9 kB)
Collecting Jinja2>=3.1.2 (from flask==2.3.3->-r requirements.txt (line 3))
  Downloading idna-3.10-py3-none-any.whl.metadata (10 kB)
Collecting idna>=2.0.0 (from email-validator==2.0.0->-r requirements.txt (line 2))
  Downloading dnspython-2.7.0-py3-none-any.whl.metadata (5.8 kB)
Collecting dnspython>=2.0.0 (from email-validator==2.0.0->-r requirements.txt (line 2))
  Downloading tzlocal-5.3.1-py3-none-any.whl.metadata (7.6 kB)
Collecting tzlocal!=3.*,>=2.0 (from apscheduler==3.10.1->-r requirements.txt (line 1))
  Downloading pytz-2025.2-py2.py3-none-any.whl.metadata (22 kB)
Collecting pytz (from apscheduler==3.10.1->-r requirements.txt (line 1))
  Downloading six-1.17.0-py2.py3-none-any.whl.metadata (1.7 kB)
Collecting six>=1.4.0 (from apscheduler==3.10.1->-r requirements.txt (line 1))
Requirement already satisfied: setuptools>=0.7 in ./.venv/lib/python3.11/site-packages (from apscheduler==3.10.1->-r requirements.txt (line 1)) (65.5.0)
  Downloading werkzeug-2.3.7-py3-none-any.whl.metadata (4.1 kB)
Collecting werkzeug==2.3.7 (from -r requirements.txt (line 11))
  Downloading twilio-8.5.0-py2.py3-none-any.whl.metadata (12 kB)
Collecting twilio==8.5.0 (from -r requirements.txt (line 10))
  Downloading SQLAlchemy-2.0.20-cp311-cp311-manylinux_2_17_x86_64.manylinux2014_x86_64.whl.metadata (9.4 kB)
Collecting sqlalchemy==2.0.20 (from -r requirements.txt (line 9))
  Downloading psycopg2_binary-2.9.7-cp311-cp311-manylinux_2_17_x86_64.manylinux2014_x86_64.whl.metadata (4.4 kB)
Collecting psycopg2-binary==2.9.7 (from -r requirements.txt (line 8))
  Downloading openai-1.3.7-py3-none-any.whl.metadata (17 kB)
Collecting openai==1.3.7 (from -r requirements.txt (line 7))
  Downloading gunicorn-23.0.0-py3-none-any.whl.metadata (4.4 kB)
Collecting gunicorn==23.0.0 (from -r requirements.txt (line 6))
  Downloading flask_sqlalchemy-3.0.5-py3-none-any.whl.metadata (3.3 kB)
Collecting flask-sqlalchemy==3.0.5 (from -r requirements.txt (line 5))
  Downloading Flask_Login-0.6.2-py3-none-any.whl.metadata (5.8 kB)
Collecting flask-login==0.6.2 (from -r requirements.txt (line 4))
  Downloading flask-2.3.3-py3-none-any.whl.metadata (3.6 kB)
Collecting flask==2.3.3 (from -r requirements.txt (line 3))
  Downloading email_validator-2.0.0-py3-none-any.whl.metadata (25 kB)
Collecting email-validator==2.0.0 (from -r requirements.txt (line 2))
  Downloading APScheduler-3.10.1-py3-none-any.whl.metadata (5.7 kB)
Collecting apscheduler==3.10.1 (from -r requirements.txt (line 1))
==> Running build command 'pip install -r requirements.txt'...
==> Docs on specifying a Poetry version: https://render.com/docs/poetry-version
==> Using Poetry version 1.7.1 (default)
==> Docs on specifying a Python version: https://render.com/docs/python-version
==> Using Python version 3.11.11 (default)
==> Checking out commit 10db6c2d3a814fd33e75c9a1e5ef2bed3f270a1c in branch main
==> Cloning from https://github.com/atisproject/agentbot-ia